<?xml version="1.0" encoding="UTF-8"?>
<!-- Generated by org.testng.reporters.JUnitXMLReporter -->
<testsuite ignored="1" hostname="DESKTOP-RRBKSRC" failures="0" tests="5" name="Test" time="79.808" errors="0" timestamp="2024-05-01T20:15:40 IST">
  <testcase classname="pramodinc.seleniumframework.EcommerceE" name="errorValidation" time="1.29"/>
  <testcase classname="pramodinc.seleniumframework.EcommerceE" name="submitOrder" time="10.291"/>
  <testcase classname="pramodinc.seleniumframework.EcommerceE" name="submitOrder" time="10.7"/>
  <testcase classname="pramodinc.seleniumframework.EcommerceE" name="submitOrder" time="10.409"/>
  <testcase classname="pramodinc.seleniumframework.AmaonAlert" name="amazonOrder" time="18.617"/>
  <testcase classname="pramodinc.seleniumframework.EcommerceE" name="errorValidationmatch" time="0.0">
    <ignored/>
  </testcase> <!-- errorValidationmatch -->
</testsuite> <!-- Test -->
