<?xml version="1.0" encoding="UTF-8"?>
<!-- Generated by org.testng.reporters.JUnitXMLReporter -->
<testsuite ignored="1" hostname="DESKTOP-RRBKSRC" failures="0" tests="5" name="Test" time="63.614" errors="0" timestamp="2024-04-20T21:03:59 IST">
  <testcase classname="pramodinc.seleniumframework.EcommerceE" name="errorValidation" time="1.282"/>
  <testcase classname="pramodinc.seleniumframework.EcommerceE" name="submitOrder" time="3.777"/>
  <testcase classname="pramodinc.seleniumframework.EcommerceE" name="submitOrder" time="10.757"/>
  <testcase classname="pramodinc.seleniumframework.EcommerceE" name="submitOrder" time="10.197"/>
  <testcase classname="pramodinc.seleniumframework.AmaonAlert" name="amazonOrder" time="17.085"/>
  <testcase classname="pramodinc.seleniumframework.EcommerceE" name="errorValidationmatch" time="0.0">
    <ignored/>
  </testcase> <!-- errorValidationmatch -->
</testsuite> <!-- Test -->
