<?xml version="1.0" encoding="UTF-8"?>
<testng-results ignored="0" total="1" passed="1" failed="0" skipped="0">
  <reporter-output>
  </reporter-output>
  <suite started-at="2024-03-21T08:51:05 IST" name="Default suite" finished-at="2024-03-21T08:51:05 IST" duration-ms="73">
    <groups>
    </groups>
    <test started-at="2024-03-21T08:51:05 IST" name="Default test" finished-at="2024-03-21T08:51:05 IST" duration-ms="73">
      <class name="javapgms.PS1">
        <test-method is-config="true" signature="bTest()[pri:0, instance:javapgms.PS1@429bffaa]" started-at="2024-03-21T08:51:05 IST" name="bTest" finished-at="2024-03-21T08:51:05 IST" duration-ms="9" status="PASS">
          <reporter-output>
          </reporter-output>
        </test-method> <!-- bTest -->
        <test-method signature="iCan()[pri:0, instance:javapgms.PS1@429bffaa]" started-at="2024-03-21T08:51:05 IST" name="iCan" finished-at="2024-03-21T08:51:05 IST" duration-ms="10" status="PASS">
          <reporter-output>
          </reporter-output>
        </test-method> <!-- iCan -->
        <test-method is-config="true" signature="aTest()[pri:0, instance:javapgms.PS1@429bffaa]" started-at="2024-03-21T08:51:05 IST" name="aTest" finished-at="2024-03-21T08:51:05 IST" duration-ms="1" status="PASS">
          <reporter-output>
          </reporter-output>
        </test-method> <!-- aTest -->
      </class> <!-- javapgms.PS1 -->
    </test> <!-- Default test -->
  </suite> <!-- Default suite -->
</testng-results>
