<?xml version="1.0" encoding="UTF-8"?>
<testng-results ignored="1" total="6" passed="5" failed="0" skipped="0">
  <reporter-output>
  </reporter-output>
  <suite started-at="2024-05-01T20:14:20 IST" name="Suite" finished-at="2024-05-01T20:15:40 IST" duration-ms="79808">
    <groups>
      <group name="order">
        <method signature="EcommerceE.submitOrder(java.util.HashMap)[pri:0, instance:pramodinc.seleniumframework.EcommerceE@67d18ed7]" name="submitOrder" class="pramodinc.seleniumframework.EcommerceE"/>
      </group> <!-- order -->
    </groups>
    <test started-at="2024-05-01T20:14:20 IST" name="Test" finished-at="2024-05-01T20:15:40 IST" duration-ms="79808">
      <class name="pramodinc.seleniumframework.AmaonAlert">
        <test-method signature="amazonOrder()[pri:0, instance:pramodinc.seleniumframework.AmaonAlert@3adcc812]" started-at="2024-05-01T20:15:21 IST" name="amazonOrder" finished-at="2024-05-01T20:15:40 IST" duration-ms="18617" status="PASS">
          <reporter-output>
          </reporter-output>
        </test-method> <!-- amazonOrder -->
      </class> <!-- pramodinc.seleniumframework.AmaonAlert -->
      <class name="pramodinc.seleniumframework.EcommerceE">
        <test-method is-config="true" signature="initialize()[pri:0, instance:pramodinc.seleniumframework.EcommerceE@67d18ed7]" started-at="2024-05-01T20:14:20 IST" name="initialize" finished-at="2024-05-01T20:14:33 IST" duration-ms="12699" status="PASS">
          <reporter-output>
          </reporter-output>
        </test-method> <!-- initialize -->
        <test-method signature="errorValidation()[pri:0, instance:pramodinc.seleniumframework.EcommerceE@67d18ed7]" started-at="2024-05-01T20:14:33 IST" name="errorValidation" finished-at="2024-05-01T20:14:34 IST" duration-ms="1290" status="PASS">
          <reporter-output>
          </reporter-output>
        </test-method> <!-- errorValidation -->
        <test-method is-config="true" signature="endDriver()[pri:0, instance:pramodinc.seleniumframework.EcommerceE@67d18ed7]" started-at="2024-05-01T20:14:34 IST" name="endDriver" finished-at="2024-05-01T20:14:35 IST" duration-ms="303" status="PASS">
          <reporter-output>
          </reporter-output>
        </test-method> <!-- endDriver -->
        <test-method is-config="true" signature="initialize()[pri:0, instance:pramodinc.seleniumframework.EcommerceE@67d18ed7]" started-at="2024-05-01T20:14:35 IST" name="initialize" finished-at="2024-05-01T20:14:38 IST" duration-ms="3630" status="PASS">
          <reporter-output>
          </reporter-output>
        </test-method> <!-- initialize -->
        <test-method signature="submitOrder(java.util.HashMap)[pri:0, instance:pramodinc.seleniumframework.EcommerceE@67d18ed7]" started-at="2024-05-01T20:14:38 IST" name="submitOrder" data-provider="getData1" finished-at="2024-05-01T20:14:49 IST" duration-ms="10291" status="PASS">
          <params>
            <param index="0">
              <value>
                <![CDATA[{password=C@pslock1, product=ZARA COAT 3, email=samdan1@gma.com}]]>
              </value>
            </param>
          </params>
          <reporter-output>
          </reporter-output>
        </test-method> <!-- submitOrder -->
        <test-method is-config="true" signature="endDriver()[pri:0, instance:pramodinc.seleniumframework.EcommerceE@67d18ed7]" started-at="2024-05-01T20:14:49 IST" name="endDriver" finished-at="2024-05-01T20:14:50 IST" duration-ms="1953" status="PASS">
          <reporter-output>
          </reporter-output>
        </test-method> <!-- endDriver -->
        <test-method is-config="true" signature="initialize()[pri:0, instance:pramodinc.seleniumframework.EcommerceE@67d18ed7]" started-at="2024-05-01T20:14:50 IST" name="initialize" finished-at="2024-05-01T20:14:56 IST" duration-ms="5366" status="PASS">
          <reporter-output>
          </reporter-output>
        </test-method> <!-- initialize -->
        <test-method signature="submitOrder(java.util.HashMap)[pri:0, instance:pramodinc.seleniumframework.EcommerceE@67d18ed7]" started-at="2024-05-01T20:14:56 IST" name="submitOrder" data-provider="getData1" finished-at="2024-05-01T20:15:07 IST" duration-ms="10700" status="PASS">
          <params>
            <param index="0">
              <value>
                <![CDATA[{password=C@pslock1, product=ADIDAS ORIGINAL, email=danshika@gmail.com}]]>
              </value>
            </param>
          </params>
          <reporter-output>
          </reporter-output>
        </test-method> <!-- submitOrder -->
        <test-method is-config="true" signature="endDriver()[pri:0, instance:pramodinc.seleniumframework.EcommerceE@67d18ed7]" started-at="2024-05-01T20:15:07 IST" name="endDriver" finished-at="2024-05-01T20:15:07 IST" duration-ms="464" status="PASS">
          <reporter-output>
          </reporter-output>
        </test-method> <!-- endDriver -->
        <test-method is-config="true" signature="initialize()[pri:0, instance:pramodinc.seleniumframework.EcommerceE@67d18ed7]" started-at="2024-05-01T20:15:07 IST" name="initialize" finished-at="2024-05-01T20:15:11 IST" duration-ms="3608" status="PASS">
          <reporter-output>
          </reporter-output>
        </test-method> <!-- initialize -->
        <test-method signature="submitOrder(java.util.HashMap)[pri:0, instance:pramodinc.seleniumframework.EcommerceE@67d18ed7]" started-at="2024-05-01T20:15:11 IST" name="submitOrder" data-provider="getData1" finished-at="2024-05-01T20:15:21 IST" duration-ms="10409" status="PASS">
          <params>
            <param index="0">
              <value>
                <![CDATA[{password=C@pslock1, product=IPHONE 13 PRO, email=samda45qq@gma.com}]]>
              </value>
            </param>
          </params>
          <reporter-output>
          </reporter-output>
        </test-method> <!-- submitOrder -->
        <test-method is-config="true" signature="endDriver()[pri:0, instance:pramodinc.seleniumframework.EcommerceE@67d18ed7]" started-at="2024-05-01T20:15:21 IST" name="endDriver" finished-at="2024-05-01T20:15:21 IST" duration-ms="397" status="PASS">
          <reporter-output>
          </reporter-output>
        </test-method> <!-- endDriver -->
      </class> <!-- pramodinc.seleniumframework.EcommerceE -->
    </test> <!-- Test -->
  </suite> <!-- Suite -->
</testng-results>
